Using pre-set license
Built from '2021.3/staging' branch; Version is '2021.3.3f1 (af2e63e8f9bd) revision 11480675'; Using compiler version '192829333'; Build Type 'Release'
OS: 'Windows 10  (10.0.19044) 64bit Professional' Language: 'en' Physical Memory: 16320 MB
BatchMode: 1, IsHumanControllingUs: 0, StartBugReporterOnCrash: 0, Is64bit: 1, IsPro: 1

COMMAND LINE ARGUMENTS:
D:\Unity\2021.3.3f1\Editor\Unity.exe
-adb2
-batchMode
-noUpm
-name
AssetImportWorker3
-projectPath
D:/Game Jam Project 2022/gamejam
-logFile
Logs/AssetImportWorker3.log
-srvPort
56618
Successfully changed project path to: D:/Game Jam Project 2022/gamejam
D:/Game Jam Project 2022/gamejam
[UnityMemory] Configuration Parameters - Can be set up in boot.config
    "memorysetup-bucket-allocator-granularity=16"
    "memorysetup-bucket-allocator-bucket-count=8"
    "memorysetup-bucket-allocator-block-size=33554432"
    "memorysetup-bucket-allocator-block-count=8"
    "memorysetup-main-allocator-block-size=16777216"
    "memorysetup-thread-allocator-block-size=16777216"
    "memorysetup-gfx-main-allocator-block-size=16777216"
    "memorysetup-gfx-thread-allocator-block-size=16777216"
    "memorysetup-cache-allocator-block-size=4194304"
    "memorysetup-typetree-allocator-block-size=2097152"
    "memorysetup-profiler-bucket-allocator-granularity=16"
    "memorysetup-profiler-bucket-allocator-bucket-count=8"
    "memorysetup-profiler-bucket-allocator-block-size=33554432"
    "memorysetup-profiler-bucket-allocator-block-count=8"
    "memorysetup-profiler-allocator-block-size=16777216"
    "memorysetup-profiler-editor-allocator-block-size=1048576"
    "memorysetup-temp-allocator-size-main=16777216"
    "memorysetup-job-temp-allocator-block-size=2097152"
    "memorysetup-job-temp-allocator-block-size-background=1048576"
    "memorysetup-job-temp-allocator-reduction-small-platforms=262144"
    "memorysetup-temp-allocator-size-background-worker=32768"
    "memorysetup-temp-allocator-size-job-worker=262144"
    "memorysetup-temp-allocator-size-preload-manager=33554432"
    "memorysetup-temp-allocator-size-nav-mesh-worker=65536"
    "memorysetup-temp-allocator-size-audio-worker=65536"
    "memorysetup-temp-allocator-size-cloud-worker=32768"
    "memorysetup-temp-allocator-size-gi-baking-worker=262144"
    "memorysetup-temp-allocator-size-gfx=262144"
Refreshing native plugins compatible for Editor in 191.23 ms, found 3 plugins.
Preloading 0 native plugins for Editor in 0.00 ms.
Initialize engine version: 2021.3.3f1 (af2e63e8f9bd)
[Subsystems] Discovering subsystems at path D:/Unity/2021.3.3f1/Editor/Data/Resources/UnitySubsystems
[Subsystems] Discovering subsystems at path D:/Game Jam Project 2022/gamejam/Assets
GfxDevice: creating device client; threaded=0; jobified=0
Direct3D:
    Version:  Direct3D 11.0 [level 11.1]
    Renderer: NVIDIA GeForce RTX 3060 (ID=0x2504)
    Vendor:   NVIDIA
    VRAM:     12142 MB
    Driver:   30.0.15.1259
Shader 'Custom/RainShader': fallback shader 'Particles/Alpha Blended' not found
Shader 'Terrain_0_0-20220522 - 155605': fallback shader 'Hidden/Terrain_0_0-20220522 - 155605_Base-398067314' not found
Shader 'Terrain_0_0-20220522 - 155605': dependency 'BaseMapShader' shader 'Hidden/Terrain_0_0-20220522 - 155605_Base-398067314' not found
Initialize mono
Mono path[0] = 'D:/Unity/2021.3.3f1/Editor/Data/Managed'
Mono path[1] = 'D:/Unity/2021.3.3f1/Editor/Data/MonoBleedingEdge/lib/mono/unityjit-win32'
Mono config path = 'D:/Unity/2021.3.3f1/Editor/Data/MonoBleedingEdge/etc'
Using monoOptions --debugger-agent=transport=dt_socket,embedding=1,server=y,suspend=n,address=127.0.0.1:56092
Begin MonoManager ReloadAssembly
Registering precompiled unity dll's ...
Register platform support module: D:/Unity/2021.3.3f1/Editor/Data/PlaybackEngines/WindowsStandaloneSupport/UnityEditor.WindowsStandalone.Extensions.dll
Registered in 0.004529 seconds.
Native extension for WindowsStandalone target not found
Refreshing native plugins compatible for Editor in 183.58 ms, found 3 plugins.
Preloading 0 native plugins for Editor in 0.00 ms.
Mono: successfully reloaded assembly
- Completed reload, in  1.127 seconds
Domain Reload Profiling:
	ReloadAssembly (1128ms)
		BeginReloadAssembly (154ms)
			ExecutionOrderSort (0ms)
			DisableScriptedObjects (0ms)
			BackupInstance (0ms)
			ReleaseScriptingObjects (0ms)
			CreateAndSetChildDomain (1ms)
		EndReloadAssembly (811ms)
			LoadAssemblies (153ms)
			RebuildTransferFunctionScriptingTraits (0ms)
			SetupTypeCache (174ms)
			ReleaseScriptCaches (0ms)
			RebuildScriptCaches (51ms)
			SetupLoadedEditorAssemblies (507ms)
				LogAssemblyErrors (0ms)
				InitializePlatformSupportModulesInManaged (11ms)
				SetLoadedEditorAssemblies (0ms)
				RefreshPlugins (184ms)
				BeforeProcessingInitializeOnLoad (2ms)
				ProcessInitializeOnLoadAttributes (234ms)
				ProcessInitializeOnLoadMethodAttributes (76ms)
				AfterProcessingInitializeOnLoad (0ms)
				EditorAssembliesLoaded (0ms)
			ExecutionOrderSort2 (0ms)
			AwakeInstancesAfterBackupRestoration (0ms)
Platform modules already initialized, skipping
Registering precompiled user dll's ...
Registered in 0.009865 seconds.
Begin MonoManager ReloadAssembly
Symbol file LoadedFromMemory doesn't match image D:\Game Jam Project 2022\gamejam\Library\PackageCache\com.unity.visualscripting@1.7.6\Editor\VisualScripting.Core\Dependencies\YamlDotNet\Unity.VisualScripting.YamlDotNet.dll
Symbol file LoadedFromMemory doesn't match image D:\Game Jam Project 2022\gamejam\Library\PackageCache\com.unity.visualscripting@1.7.6\Editor\VisualScripting.Core\Dependencies\DotNetZip\Unity.VisualScripting.IonicZip.dll
Native extension for WindowsStandalone target not found
Refreshing native plugins compatible for Editor in 215.61 ms, found 3 plugins.
Preloading 0 native plugins for Editor in 0.00 ms.
Mono: successfully reloaded assembly
- Completed reload, in  2.464 seconds
Domain Reload Profiling:
	ReloadAssembly (2465ms)
		BeginReloadAssembly (254ms)
			ExecutionOrderSort (0ms)
			DisableScriptedObjects (10ms)
			BackupInstance (0ms)
			ReleaseScriptingObjects (0ms)
			CreateAndSetChildDomain (52ms)
		EndReloadAssembly (2024ms)
			LoadAssemblies (201ms)
			RebuildTransferFunctionScriptingTraits (0ms)
			SetupTypeCache (523ms)
			ReleaseScriptCaches (1ms)
			RebuildScriptCaches (115ms)
			SetupLoadedEditorAssemblies (1149ms)
				LogAssemblyErrors (0ms)
				InitializePlatformSupportModulesInManaged (7ms)
				SetLoadedEditorAssemblies (0ms)
				RefreshPlugins (216ms)
				BeforeProcessingInitializeOnLoad (200ms)
				ProcessInitializeOnLoadAttributes (602ms)
				ProcessInitializeOnLoadMethodAttributes (118ms)
				AfterProcessingInitializeOnLoad (5ms)
				EditorAssembliesLoaded (0ms)
			ExecutionOrderSort2 (0ms)
			AwakeInstancesAfterBackupRestoration (9ms)
Platform modules already initialized, skipping
========================================================================
Worker process is ready to serve import requests
Shader 'Terrain_0_0-20220522 - 155605': fallback shader 'Hidden/Terrain_0_0-20220522 - 155605_Base-398067314' not found
Shader 'Terrain_0_0-20220522 - 155605': dependency 'BaseMapShader' shader 'Hidden/Terrain_0_0-20220522 - 155605_Base-398067314' not found
Shader 'Custom/RainShader': fallback shader 'Particles/Alpha Blended' not found
Launched and connected shader compiler UnityShaderCompiler.exe after 0.22 seconds
Refreshing native plugins compatible for Editor in 2.22 ms, found 3 plugins.
Preloading 0 native plugins for Editor in 0.00 ms.
Unloading 4742 Unused Serialized files (Serialized files now loaded: 0)
Unloading 35 unused Assets / (3.5 MB). Loaded Objects now: 5222.
Memory consumption went from 230.9 MB to 227.4 MB.
Total: 10.337000 ms (FindLiveObjects: 0.727500 ms CreateObjectMapping: 0.394600 ms MarkObjects: 8.330400 ms  DeleteObjects: 0.881700 ms)

AssetImportParameters requested are different than current active one (requested -> active):
  custom:video-decoder-ogg-theora: a1e56fd34408186e4bbccfd4996cb3dc -> 
  custom:container-muxer-webm: aa71ff27fc2769a1b78a27578f13a17b -> 
  custom:container-demuxer-webm: 4f35f7cbe854078d1ac9338744f61a02 -> 
  custom:video-encoder-webm-vp8: eb34c28f22e8b96e1ab97ce403110664 -> 
  custom:audio-encoder-webm-vorbis: bf7c407c2cedff20999df2af8eb42d56 -> 
  custom:framework-win-MediaFoundation: 216162199b28c13a410421893ffa2e32 -> 
  custom:container-demuxer-ogg: 62fdf1f143b41e24485cea50d1cbac27 -> 
  custom:video-decoder-webm-vp8: 9c59270c3fd7afecdb556c50c9e8de78 -> 
  custom:audio-decoder-ogg-vorbis: bf7c407c2cedff20999df2af8eb42d56 -> 
========================================================================
Received Import Request.
  Time since last request: 23360.158242 seconds.
  path: Assets/GrassFlowers/Textures/GrassFlowers/grassFlower04.tga
  artifactKey: Guid(5c744e80ad52c884c9ac4c9139b3aaae) Importer(815301076,1909f56bfc062723c751e8b465ee728b)
Start importing Assets/GrassFlowers/Textures/GrassFlowers/grassFlower04.tga using Guid(5c744e80ad52c884c9ac4c9139b3aaae) Importer(815301076,1909f56bfc062723c751e8b465ee728b)  -> (artifact id: 'eee68ad4df6e488a74c683fc2b60543d') in 0.188196 seconds 
========================================================================
Received Import Request.
  Time since last request: 0.000052 seconds.
  path: Assets/Gaia User Data/Sessions/GS-20220522 - 154221/Terrain Data/Terrain_0_0-20220522 - 155605.asset
  artifactKey: Guid(b60f138f10dbab44d9b83a3b9595fb0f) Importer(815301076,1909f56bfc062723c751e8b465ee728b)
Start importing Assets/Gaia User Data/Sessions/GS-20220522 - 154221/Terrain Data/Terrain_0_0-20220522 - 155605.asset using Guid(b60f138f10dbab44d9b83a3b9595fb0f) Importer(815301076,1909f56bfc062723c751e8b465ee728b) The tree Heather_B must use the Nature/Soft Occlusion shader. Otherwise billboarding/lighting will not work correctly.
The tree Heather_A must use the Nature/Soft Occlusion shader. Otherwise billboarding/lighting will not work correctly.
The tree Bush_B must use the Nature/Soft Occlusion shader. Otherwise billboarding/lighting will not work correctly.
The tree Bush_A must use the Nature/Soft Occlusion shader. Otherwise billboarding/lighting will not work correctly.
The tree Fern_C must use the Nature/Soft Occlusion shader. Otherwise billboarding/lighting will not work correctly.
The tree Fern_A must use the Nature/Soft Occlusion shader. Otherwise billboarding/lighting will not work correctly.
The tree Fern_B must use the Nature/Soft Occlusion shader. Otherwise billboarding/lighting will not work correctly.
 -> (artifact id: 'b74f2b2e3db94df65efe4ed6ca6b232d') in 0.466064 seconds 
========================================================================
Received Import Request.
  Time since last request: 238.480188 seconds.
  path: Assets/Asset_Packs/RainMaker/Prefab/RainMistMaterial.mat
  artifactKey: Guid(26903820d8bdf4145af868b7b12d0e18) Importer(815301076,1909f56bfc062723c751e8b465ee728b)
Start importing Assets/Asset_Packs/RainMaker/Prefab/RainMistMaterial.mat using Guid(26903820d8bdf4145af868b7b12d0e18) Importer(815301076,1909f56bfc062723c751e8b465ee728b)  -> (artifact id: 'ad56edccefbb0004cae4efc3a5591d9e') in 0.165668 seconds 
========================================================================
Received Import Request.
  Time since last request: 0.000035 seconds.
  path: Assets/Asset_Packs/RainMaker/Prefab/RainMistMaterial2D.mat
  artifactKey: Guid(03c4b968ffb030646b5abe98dff68dcc) Importer(815301076,1909f56bfc062723c751e8b465ee728b)
Start importing Assets/Asset_Packs/RainMaker/Prefab/RainMistMaterial2D.mat using Guid(03c4b968ffb030646b5abe98dff68dcc) Importer(815301076,1909f56bfc062723c751e8b465ee728b)  -> (artifact id: '2a474d9b39032ff74e3f5f0ee100c098') in 0.049673 seconds 
========================================================================
Received Import Request.
  Time since last request: 327.333834 seconds.
  path: Assets/Asset_Packs/AllSkyFree/_AllSkyFreeDemoEnvironment/AdditiveSprite.mat
  artifactKey: Guid(55c04ce684cb542debc357409498bc4e) Importer(815301076,1909f56bfc062723c751e8b465ee728b)
Start importing Assets/Asset_Packs/AllSkyFree/_AllSkyFreeDemoEnvironment/AdditiveSprite.mat using Guid(55c04ce684cb542debc357409498bc4e) Importer(815301076,1909f56bfc062723c751e8b465ee728b)  -> (artifact id: '80c696067ded9ddc303f0de6437d2739') in 0.343021 seconds 
========================================================================
Received Import Request.
  Time since last request: 0.000039 seconds.
  path: Assets/Asset_Packs/AllSkyFree/Cold Sunset/Cold Sunset Equirect.mat
  artifactKey: Guid(01f4eb1c73693428d923f1520032e7f9) Importer(815301076,1909f56bfc062723c751e8b465ee728b)
Start importing Assets/Asset_Packs/AllSkyFree/Cold Sunset/Cold Sunset Equirect.mat using Guid(01f4eb1c73693428d923f1520032e7f9) Importer(815301076,1909f56bfc062723c751e8b465ee728b)  -> (artifact id: 'f19e3e8c119bdd245eb1a7ab4345ca2c') in 0.531289 seconds 
========================================================================
Received Import Request.
  Time since last request: 0.000047 seconds.
  path: Assets/Asset_Packs/AllSkyFree/_AllSkyFreeDemoEnvironment/Materials/AllSkyDemoEnv_TreeTrunk.mat
  artifactKey: Guid(52d55542834f2465eb9aed460fd370de) Importer(815301076,1909f56bfc062723c751e8b465ee728b)
Start importing Assets/Asset_Packs/AllSkyFree/_AllSkyFreeDemoEnvironment/Materials/AllSkyDemoEnv_TreeTrunk.mat using Guid(52d55542834f2465eb9aed460fd370de) Importer(815301076,1909f56bfc062723c751e8b465ee728b)  -> (artifact id: 'e337a6fa4dd8127f7d9c079496dfd65e') in 0.031147 seconds 
========================================================================
Received Import Request.
  Time since last request: 0.000028 seconds.
  path: Assets/Asset_Packs/AllSkyFree/_AllSkyFreeDemoEnvironment/Materials/AllSkyDemoEnv_Flag_Blue.mat
  artifactKey: Guid(8e64a72f2cb9c45bba4b11d98489b11f) Importer(815301076,1909f56bfc062723c751e8b465ee728b)
Start importing Assets/Asset_Packs/AllSkyFree/_AllSkyFreeDemoEnvironment/Materials/AllSkyDemoEnv_Flag_Blue.mat using Guid(8e64a72f2cb9c45bba4b11d98489b11f) Importer(815301076,1909f56bfc062723c751e8b465ee728b)  -> (artifact id: 'a88c0efa7d0235e8629dbfffbe2de590') in 0.023954 seconds 
========================================================================
Received Import Request.
  Time since last request: 0.000035 seconds.
  path: Assets/Asset_Packs/Kevin Iglesias/Basic Motions/Materials/BasicMotionsMaterial.mat
  artifactKey: Guid(ccc50d631d14df84a982c4f4acd00013) Importer(815301076,1909f56bfc062723c751e8b465ee728b)
Start importing Assets/Asset_Packs/Kevin Iglesias/Basic Motions/Materials/BasicMotionsMaterial.mat using Guid(ccc50d631d14df84a982c4f4acd00013) Importer(815301076,1909f56bfc062723c751e8b465ee728b)  -> (artifact id: '4e81fcbe8dbd47290155de8235e41db0') in 0.074191 seconds 
========================================================================
Received Import Request.
  Time since last request: 0.000037 seconds.
  path: Assets/Asset_Packs/AllSkyFree/Cold Night/Cold Night.mat
  artifactKey: Guid(9af23ba5fa5364ff598888460e0e2759) Importer(815301076,1909f56bfc062723c751e8b465ee728b)
Start importing Assets/Asset_Packs/AllSkyFree/Cold Night/Cold Night.mat using Guid(9af23ba5fa5364ff598888460e0e2759) Importer(815301076,1909f56bfc062723c751e8b465ee728b)  -> (artifact id: '6e6103fdbc7a1972b050657ebfaf704a') in 0.712215 seconds 
========================================================================
Received Import Request.
  Time since last request: 0.000049 seconds.
  path: Assets/Asset_Packs/AllSkyFree/Epic_BlueSunset/Epic_BlueSunset Equirect.mat
  artifactKey: Guid(cdbb40e11399e4a17882ada20a1b896a) Importer(815301076,1909f56bfc062723c751e8b465ee728b)
Start importing Assets/Asset_Packs/AllSkyFree/Epic_BlueSunset/Epic_BlueSunset Equirect.mat using Guid(cdbb40e11399e4a17882ada20a1b896a) Importer(815301076,1909f56bfc062723c751e8b465ee728b)  -> (artifact id: '009024bce7f34e16153be2bfcecd3ad4') in 0.426913 seconds 
========================================================================
Received Import Request.
  Time since last request: 0.000039 seconds.
  path: Assets/Asset_Packs/AllSkyFree/Epic_GloriousPink/Epic_GloriousPink Equirect.mat
  artifactKey: Guid(fe4e130f9947345a2b213cb5038851a2) Importer(815301076,1909f56bfc062723c751e8b465ee728b)
Start importing Assets/Asset_Packs/AllSkyFree/Epic_GloriousPink/Epic_GloriousPink Equirect.mat using Guid(fe4e130f9947345a2b213cb5038851a2) Importer(815301076,1909f56bfc062723c751e8b465ee728b)  -> (artifact id: 'ebaeb0fdec588ebf0c7fad09868a8dc6') in 0.348573 seconds 
========================================================================
Received Import Request.
  Time since last request: 0.000068 seconds.
  path: Assets/Asset_Packs/AllSkyFree/Deep Dusk/Deep Dusk.mat
  artifactKey: Guid(b4f152e0498484391a9f0d5a1facf03b) Importer(815301076,1909f56bfc062723c751e8b465ee728b)
Start importing Assets/Asset_Packs/AllSkyFree/Deep Dusk/Deep Dusk.mat using Guid(b4f152e0498484391a9f0d5a1facf03b) Importer(815301076,1909f56bfc062723c751e8b465ee728b)  -> (artifact id: 'cdd169cb10321dc0db3e8250112df33f') in 0.436218 seconds 
========================================================================
Received Import Request.
  Time since last request: 0.000034 seconds.
  path: Assets/Asset_Packs/AllSkyFree/Cartoon Base NightSky/Cartoon Base NightSky.mat
  artifactKey: Guid(aa78c8d403a8547fe86d1f74239e6b03) Importer(815301076,1909f56bfc062723c751e8b465ee728b)
Start importing Assets/Asset_Packs/AllSkyFree/Cartoon Base NightSky/Cartoon Base NightSky.mat using Guid(aa78c8d403a8547fe86d1f74239e6b03) Importer(815301076,1909f56bfc062723c751e8b465ee728b)  -> (artifact id: 'eff7750556d5f193720092554ff82b6d') in 0.563706 seconds 
========================================================================
Received Import Request.
  Time since last request: 0.000063 seconds.
  path: Packages/com.unity.searcher/Editor/Resources/FlatSkin/Font/Roboto-BoldItalic.ttf
  artifactKey: Guid(dfb97a9307a577a41bcacba34b9a7e32) Importer(815301076,1909f56bfc062723c751e8b465ee728b)
Start importing Packages/com.unity.searcher/Editor/Resources/FlatSkin/Font/Roboto-BoldItalic.ttf using Guid(dfb97a9307a577a41bcacba34b9a7e32) Importer(815301076,1909f56bfc062723c751e8b465ee728b)  -> (artifact id: 'f393ad505fbca6e90409cb2022495296') in 0.044415 seconds 
========================================================================
Received Import Request.
  Time since last request: 0.000034 seconds.
  path: Assets/RTP Vol.1/Materials/tree2_leaf.mat
  artifactKey: Guid(6c6a9e6baf27ada40b9834c30f5c397d) Importer(815301076,1909f56bfc062723c751e8b465ee728b)
Start importing Assets/RTP Vol.1/Materials/tree2_leaf.mat using Guid(6c6a9e6baf27ada40b9834c30f5c397d) Importer(815301076,1909f56bfc062723c751e8b465ee728b)  -> (artifact id: '7e7cb123ded65c3d75a7efa9103a0bbf') in 0.112981 seconds 
========================================================================
Received Import Request.
  Time since last request: 0.000043 seconds.
  path: Packages/com.jbooth.microsplat.core/Examples/Scene/MicroSplatData/MicroSplat.mat
  artifactKey: Guid(25d3e5f4416d246cd98642c94a1f1e19) Importer(815301076,1909f56bfc062723c751e8b465ee728b)
Start importing Packages/com.jbooth.microsplat.core/Examples/Scene/MicroSplatData/MicroSplat.mat using Guid(25d3e5f4416d246cd98642c94a1f1e19) Importer(815301076,1909f56bfc062723c751e8b465ee728b)  -> (artifact id: '14d67d2f1bd20141c550d1ca7bc8eb9f') in 2.212441 seconds 
========================================================================
Received Import Request.
  Time since last request: 0.000048 seconds.
  path: Assets/Asset_Packs/RainMaker/Prefab/RainMaterial2D.mat
  artifactKey: Guid(c8c162af3fac7f145b8d1295eff18b1c) Importer(815301076,1909f56bfc062723c751e8b465ee728b)
Start importing Assets/Asset_Packs/RainMaker/Prefab/RainMaterial2D.mat using Guid(c8c162af3fac7f145b8d1295eff18b1c) Importer(815301076,1909f56bfc062723c751e8b465ee728b)  -> (artifact id: '5a2825acffc0388f90be4586b8f29b27') in 0.021960 seconds 
========================================================================
Received Import Request.
  Time since last request: 0.000039 seconds.
  path: Assets/Asset_Packs/Polytope Studio/Lowpoly Medieval Environments/Sources/Materials/PT_Medieval_Glass_mat.mat
  artifactKey: Guid(3b9267e900b2b9d4ea54bbd68f4e758b) Importer(815301076,1909f56bfc062723c751e8b465ee728b)
Start importing Assets/Asset_Packs/Polytope Studio/Lowpoly Medieval Environments/Sources/Materials/PT_Medieval_Glass_mat.mat using Guid(3b9267e900b2b9d4ea54bbd68f4e758b) Importer(815301076,1909f56bfc062723c751e8b465ee728b)  -> (artifact id: 'b553e126a7c83067525535288b56d5ac') in 0.182244 seconds 
========================================================================
Received Import Request.
  Time since last request: 0.000038 seconds.
  path: Assets/Asset_Packs/QuickOutline/Resources/Materials/OutlineMask.mat
  artifactKey: Guid(106f3ff43a17d4967a2b64c7a92e49ec) Importer(815301076,1909f56bfc062723c751e8b465ee728b)
Start importing Assets/Asset_Packs/QuickOutline/Resources/Materials/OutlineMask.mat using Guid(106f3ff43a17d4967a2b64c7a92e49ec) Importer(815301076,1909f56bfc062723c751e8b465ee728b)  -> (artifact id: '9f98bb4dbcab0cea8bbf852eea96934d') in 0.034891 seconds 
========================================================================
Received Import Request.
  Time since last request: 0.000053 seconds.
  path: Packages/com.unity.searcher/Editor/Resources/FlatSkin/Font/Roboto-Italic.ttf
  artifactKey: Guid(c839255fc8f6b4b4d90bf8c1af9f9bd1) Importer(815301076,1909f56bfc062723c751e8b465ee728b)
Start importing Packages/com.unity.searcher/Editor/Resources/FlatSkin/Font/Roboto-Italic.ttf using Guid(c839255fc8f6b4b4d90bf8c1af9f9bd1) Importer(815301076,1909f56bfc062723c751e8b465ee728b)  -> (artifact id: '896e96db91f5087c70286a90d4cab994') in 0.030163 seconds 
========================================================================
Received Import Request.
  Time since last request: 0.000049 seconds.
  path: Assets/Asset_Packs/AllSkyFree/_AllSkyFreeDemoEnvironment/Materials/rock.mat
  artifactKey: Guid(51dc696c8ce2945ce968026f5776ca52) Importer(815301076,1909f56bfc062723c751e8b465ee728b)
Start importing Assets/Asset_Packs/AllSkyFree/_AllSkyFreeDemoEnvironment/Materials/rock.mat using Guid(51dc696c8ce2945ce968026f5776ca52) Importer(815301076,1909f56bfc062723c751e8b465ee728b)  -> (artifact id: '4599ce9f40eca6a3546776fd39517ca8') in 0.019247 seconds 
========================================================================
Received Import Request.
  Time since last request: 0.000090 seconds.
  path: Assets/RTP Vol.1/Materials/Material_002.mat
  artifactKey: Guid(a56fe6e4fa8c84149bff66bda55b7465) Importer(815301076,1909f56bfc062723c751e8b465ee728b)
Start importing Assets/RTP Vol.1/Materials/Material_002.mat using Guid(a56fe6e4fa8c84149bff66bda55b7465) Importer(815301076,1909f56bfc062723c751e8b465ee728b)  -> (artifact id: 'd0f17954388c5fd1bfcd76df80f7a41b') in 0.082595 seconds 
========================================================================
Received Import Request.
  Time since last request: 0.000038 seconds.
  path: Assets/Free/Stones/Materials/Stones.mat
  artifactKey: Guid(6745167470224e74db37c9f8c2cf4d25) Importer(815301076,1909f56bfc062723c751e8b465ee728b)
Start importing Assets/Free/Stones/Materials/Stones.mat using Guid(6745167470224e74db37c9f8c2cf4d25) Importer(815301076,1909f56bfc062723c751e8b465ee728b)  -> (artifact id: 'c8febae0b9ca47e3bc9be7a88d46450c') in 0.369691 seconds 
========================================================================
Received Import Request.
  Time since last request: 0.000041 seconds.
  path: Assets/Asset_Packs/AllSkyFree/_AllSkyFreeDemoEnvironment/Materials/AllSkyDemoEnv_FlagGreen.mat
  artifactKey: Guid(0acfc71c325c54b92add0b07097b6c57) Importer(815301076,1909f56bfc062723c751e8b465ee728b)
Start importing Assets/Asset_Packs/AllSkyFree/_AllSkyFreeDemoEnvironment/Materials/AllSkyDemoEnv_FlagGreen.mat using Guid(0acfc71c325c54b92add0b07097b6c57) Importer(815301076,1909f56bfc062723c751e8b465ee728b)  -> (artifact id: '0a54d88ab1eaefd30144af48ac8778e3') in 0.021312 seconds 
========================================================================
Received Import Request.
  Time since last request: 0.000039 seconds.
  path: Assets/RTP Vol.1/Materials/Material_001.mat
  artifactKey: Guid(db05dcd6e1ea75c40aa704e4f7317add) Importer(815301076,1909f56bfc062723c751e8b465ee728b)
Start importing Assets/RTP Vol.1/Materials/Material_001.mat using Guid(db05dcd6e1ea75c40aa704e4f7317add) Importer(815301076,1909f56bfc062723c751e8b465ee728b)  -> (artifact id: '6a37c5f35b60f4b029a43c767109884e') in 0.128642 seconds 
========================================================================
Received Import Request.
  Time since last request: 0.000033 seconds.
  path: Assets/Asset_Packs/AllSkyFree/Cartoon Base BlueSky/Day_BlueSky_Nothing.mat
  artifactKey: Guid(c56e28e54cac24b04ae3dd957d214534) Importer(815301076,1909f56bfc062723c751e8b465ee728b)
Start importing Assets/Asset_Packs/AllSkyFree/Cartoon Base BlueSky/Day_BlueSky_Nothing.mat using Guid(c56e28e54cac24b04ae3dd957d214534) Importer(815301076,1909f56bfc062723c751e8b465ee728b)  -> (artifact id: '3a7f909d53b1826336fc7020108ae7cd') in 0.377425 seconds 
========================================================================
Received Import Request.
  Time since last request: 0.000037 seconds.
  path: Packages/com.unity.searcher/Editor/Resources/FlatSkin/Font/Roboto-Medium.ttf
  artifactKey: Guid(a51a3aebb43ac044989270407476b208) Importer(815301076,1909f56bfc062723c751e8b465ee728b)
Start importing Packages/com.unity.searcher/Editor/Resources/FlatSkin/Font/Roboto-Medium.ttf using Guid(a51a3aebb43ac044989270407476b208) Importer(815301076,1909f56bfc062723c751e8b465ee728b)  -> (artifact id: '63302e6a78e493ba30bdf3e01628b3fe') in 0.032136 seconds 
========================================================================
Received Import Request.
  Time since last request: 0.000038 seconds.
  path: Packages/com.unity.searcher/Editor/Resources/FlatSkin/Font/Roboto-Light.ttf
  artifactKey: Guid(2a29e27936eb547458f646f71125b264) Importer(815301076,1909f56bfc062723c751e8b465ee728b)
Start importing Packages/com.unity.searcher/Editor/Resources/FlatSkin/Font/Roboto-Light.ttf using Guid(2a29e27936eb547458f646f71125b264) Importer(815301076,1909f56bfc062723c751e8b465ee728b)  -> (artifact id: '5a05ababf302d1f4ad94a7a14f385475') in 0.030498 seconds 
Editor requested this worker to shutdown with reason: Scaling down because of idle timeout
AssetImportWorker is now disconnected from the server
Process exiting
Exiting without the bug reporter. Application will terminate with return code 0