Using pre-set license
Built from '2021.3/staging' branch; Version is '2021.3.3f1 (af2e63e8f9bd) revision 11480675'; Using compiler version '192829333'; Build Type 'Release'
OS: 'Windows 10  (10.0.19044) 64bit Professional' Language: 'en' Physical Memory: 16320 MB
BatchMode: 1, IsHumanControllingUs: 0, StartBugReporterOnCrash: 0, Is64bit: 1, IsPro: 1

COMMAND LINE ARGUMENTS:
D:\Unity\2021.3.3f1\Editor\Unity.exe
-adb2
-batchMode
-noUpm
-name
AssetImportWorker4
-projectPath
D:/Game Jam Project 2022/gamejam
-logFile
Logs/AssetImportWorker4.log
-srvPort
56618
Successfully changed project path to: D:/Game Jam Project 2022/gamejam
D:/Game Jam Project 2022/gamejam
[UnityMemory] Configuration Parameters - Can be set up in boot.config
    "memorysetup-bucket-allocator-granularity=16"
    "memorysetup-bucket-allocator-bucket-count=8"
    "memorysetup-bucket-allocator-block-size=33554432"
    "memorysetup-bucket-allocator-block-count=8"
    "memorysetup-main-allocator-block-size=16777216"
    "memorysetup-thread-allocator-block-size=16777216"
    "memorysetup-gfx-main-allocator-block-size=16777216"
    "memorysetup-gfx-thread-allocator-block-size=16777216"
    "memorysetup-cache-allocator-block-size=4194304"
    "memorysetup-typetree-allocator-block-size=2097152"
    "memorysetup-profiler-bucket-allocator-granularity=16"
    "memorysetup-profiler-bucket-allocator-bucket-count=8"
    "memorysetup-profiler-bucket-allocator-block-size=33554432"
    "memorysetup-profiler-bucket-allocator-block-count=8"
    "memorysetup-profiler-allocator-block-size=16777216"
    "memorysetup-profiler-editor-allocator-block-size=1048576"
    "memorysetup-temp-allocator-size-main=16777216"
    "memorysetup-job-temp-allocator-block-size=2097152"
    "memorysetup-job-temp-allocator-block-size-background=1048576"
    "memorysetup-job-temp-allocator-reduction-small-platforms=262144"
    "memorysetup-temp-allocator-size-background-worker=32768"
    "memorysetup-temp-allocator-size-job-worker=262144"
    "memorysetup-temp-allocator-size-preload-manager=33554432"
    "memorysetup-temp-allocator-size-nav-mesh-worker=65536"
    "memorysetup-temp-allocator-size-audio-worker=65536"
    "memorysetup-temp-allocator-size-cloud-worker=32768"
    "memorysetup-temp-allocator-size-gi-baking-worker=262144"
    "memorysetup-temp-allocator-size-gfx=262144"
Refreshing native plugins compatible for Editor in 176.18 ms, found 3 plugins.
Preloading 0 native plugins for Editor in 0.00 ms.
Initialize engine version: 2021.3.3f1 (af2e63e8f9bd)
[Subsystems] Discovering subsystems at path D:/Unity/2021.3.3f1/Editor/Data/Resources/UnitySubsystems
[Subsystems] Discovering subsystems at path D:/Game Jam Project 2022/gamejam/Assets
GfxDevice: creating device client; threaded=0; jobified=0
Direct3D:
    Version:  Direct3D 11.0 [level 11.1]
    Renderer: NVIDIA GeForce RTX 3060 (ID=0x2504)
    Vendor:   NVIDIA
    VRAM:     12142 MB
    Driver:   30.0.15.1259
Shader 'Custom/RainShader': fallback shader 'Particles/Alpha Blended' not found
Shader 'Terrain_0_0-20220522 - 155605': fallback shader 'Hidden/Terrain_0_0-20220522 - 155605_Base-398067314' not found
Shader 'Terrain_0_0-20220522 - 155605': dependency 'BaseMapShader' shader 'Hidden/Terrain_0_0-20220522 - 155605_Base-398067314' not found
Initialize mono
Mono path[0] = 'D:/Unity/2021.3.3f1/Editor/Data/Managed'
Mono path[1] = 'D:/Unity/2021.3.3f1/Editor/Data/MonoBleedingEdge/lib/mono/unityjit-win32'
Mono config path = 'D:/Unity/2021.3.3f1/Editor/Data/MonoBleedingEdge/etc'
Using monoOptions --debugger-agent=transport=dt_socket,embedding=1,server=y,suspend=n,address=127.0.0.1:56368
Begin MonoManager ReloadAssembly
Registering precompiled unity dll's ...
Register platform support module: D:/Unity/2021.3.3f1/Editor/Data/PlaybackEngines/WindowsStandaloneSupport/UnityEditor.WindowsStandalone.Extensions.dll
Registered in 0.006285 seconds.
Native extension for WindowsStandalone target not found
Refreshing native plugins compatible for Editor in 173.35 ms, found 3 plugins.
Preloading 0 native plugins for Editor in 0.00 ms.
Mono: successfully reloaded assembly
- Completed reload, in  1.078 seconds
Domain Reload Profiling:
	ReloadAssembly (1079ms)
		BeginReloadAssembly (157ms)
			ExecutionOrderSort (0ms)
			DisableScriptedObjects (0ms)
			BackupInstance (0ms)
			ReleaseScriptingObjects (0ms)
			CreateAndSetChildDomain (1ms)
		EndReloadAssembly (743ms)
			LoadAssemblies (157ms)
			RebuildTransferFunctionScriptingTraits (0ms)
			SetupTypeCache (159ms)
			ReleaseScriptCaches (0ms)
			RebuildScriptCaches (38ms)
			SetupLoadedEditorAssemblies (474ms)
				LogAssemblyErrors (0ms)
				InitializePlatformSupportModulesInManaged (10ms)
				SetLoadedEditorAssemblies (0ms)
				RefreshPlugins (174ms)
				BeforeProcessingInitializeOnLoad (2ms)
				ProcessInitializeOnLoadAttributes (217ms)
				ProcessInitializeOnLoadMethodAttributes (72ms)
				AfterProcessingInitializeOnLoad (0ms)
				EditorAssembliesLoaded (0ms)
			ExecutionOrderSort2 (0ms)
			AwakeInstancesAfterBackupRestoration (0ms)
Platform modules already initialized, skipping
Registering precompiled user dll's ...
Registered in 0.010056 seconds.
Begin MonoManager ReloadAssembly
Symbol file LoadedFromMemory doesn't match image D:\Game Jam Project 2022\gamejam\Library\PackageCache\com.unity.visualscripting@1.7.6\Editor\VisualScripting.Core\Dependencies\YamlDotNet\Unity.VisualScripting.YamlDotNet.dll
Symbol file LoadedFromMemory doesn't match image D:\Game Jam Project 2022\gamejam\Library\PackageCache\com.unity.visualscripting@1.7.6\Editor\VisualScripting.Core\Dependencies\DotNetZip\Unity.VisualScripting.IonicZip.dll
Native extension for WindowsStandalone target not found
Refreshing native plugins compatible for Editor in 185.58 ms, found 3 plugins.
Preloading 0 native plugins for Editor in 0.00 ms.
Mono: successfully reloaded assembly
- Completed reload, in  2.224 seconds
Domain Reload Profiling:
	ReloadAssembly (2225ms)
		BeginReloadAssembly (230ms)
			ExecutionOrderSort (0ms)
			DisableScriptedObjects (13ms)
			BackupInstance (0ms)
			ReleaseScriptingObjects (0ms)
			CreateAndSetChildDomain (33ms)
		EndReloadAssembly (1804ms)
			LoadAssemblies (184ms)
			RebuildTransferFunctionScriptingTraits (0ms)
			SetupTypeCache (497ms)
			ReleaseScriptCaches (1ms)
			RebuildScriptCaches (91ms)
			SetupLoadedEditorAssemblies (1009ms)
				LogAssemblyErrors (0ms)
				InitializePlatformSupportModulesInManaged (5ms)
				SetLoadedEditorAssemblies (0ms)
				RefreshPlugins (186ms)
				BeforeProcessingInitializeOnLoad (175ms)
				ProcessInitializeOnLoadAttributes (513ms)
				ProcessInitializeOnLoadMethodAttributes (124ms)
				AfterProcessingInitializeOnLoad (6ms)
				EditorAssembliesLoaded (0ms)
			ExecutionOrderSort2 (0ms)
			AwakeInstancesAfterBackupRestoration (10ms)
Platform modules already initialized, skipping
========================================================================
Worker process is ready to serve import requests
Shader 'Terrain_0_0-20220522 - 155605': fallback shader 'Hidden/Terrain_0_0-20220522 - 155605_Base-398067314' not found
Shader 'Terrain_0_0-20220522 - 155605': dependency 'BaseMapShader' shader 'Hidden/Terrain_0_0-20220522 - 155605_Base-398067314' not found
Shader 'Custom/RainShader': fallback shader 'Particles/Alpha Blended' not found
Launched and connected shader compiler UnityShaderCompiler.exe after 0.17 seconds
Refreshing native plugins compatible for Editor in 1.76 ms, found 3 plugins.
Preloading 0 native plugins for Editor in 0.00 ms.
Unloading 4742 Unused Serialized files (Serialized files now loaded: 0)
Unloading 35 unused Assets / (3.5 MB). Loaded Objects now: 5222.
Memory consumption went from 231.0 MB to 227.4 MB.
Total: 6.227600 ms (FindLiveObjects: 0.623000 ms CreateObjectMapping: 0.257200 ms MarkObjects: 4.682700 ms  DeleteObjects: 0.662600 ms)

AssetImportParameters requested are different than current active one (requested -> active):
  custom:video-decoder-ogg-theora: a1e56fd34408186e4bbccfd4996cb3dc -> 
  custom:container-muxer-webm: aa71ff27fc2769a1b78a27578f13a17b -> 
  custom:container-demuxer-webm: 4f35f7cbe854078d1ac9338744f61a02 -> 
  custom:video-encoder-webm-vp8: eb34c28f22e8b96e1ab97ce403110664 -> 
  custom:audio-encoder-webm-vorbis: bf7c407c2cedff20999df2af8eb42d56 -> 
  custom:framework-win-MediaFoundation: 216162199b28c13a410421893ffa2e32 -> 
  custom:container-demuxer-ogg: 62fdf1f143b41e24485cea50d1cbac27 -> 
  custom:video-decoder-webm-vp8: 9c59270c3fd7afecdb556c50c9e8de78 -> 
  custom:audio-decoder-ogg-vorbis: bf7c407c2cedff20999df2af8eb42d56 -> 
========================================================================
Received Import Request.
  Time since last request: 23974.420403 seconds.
  path: Assets/Gaia User Data/Sessions/GS-20220522 - 154221/Terrain Data/MicroSplatData/MicroSplat_Base.shader
  artifactKey: Guid(3df6b19f654dfc4459cb443a70d6c843) Importer(815301076,1909f56bfc062723c751e8b465ee728b)
Start importing Assets/Gaia User Data/Sessions/GS-20220522 - 154221/Terrain Data/MicroSplatData/MicroSplat_Base.shader using Guid(3df6b19f654dfc4459cb443a70d6c843) Importer(815301076,1909f56bfc062723c751e8b465ee728b)  -> (artifact id: 'e10907fd76bd56bfd272810308e8e67c') in 0.052487 seconds 
========================================================================
Received Import Request.
  Time since last request: 54.922747 seconds.
  path: Assets/Gaia User Data/Sessions/GS-20220522 - 154221/Terrain Data/MicroSplatData/MicroSplatConfig.asset
  artifactKey: Guid(8a5066b13be8ec84c916a52584685744) Importer(815301076,1909f56bfc062723c751e8b465ee728b)
Start importing Assets/Gaia User Data/Sessions/GS-20220522 - 154221/Terrain Data/MicroSplatData/MicroSplatConfig.asset using Guid(8a5066b13be8ec84c916a52584685744) Importer(815301076,1909f56bfc062723c751e8b465ee728b)  -> (artifact id: 'dad8d8a166274bb67eddf758285becee') in 2.635279 seconds 
========================================================================
Received Import Request.
  Time since last request: 50.681926 seconds.
  path: Assets/Gaia User Data/Sessions/GS-20220522 - 154221/Terrain Data/MicroSplatData/MicroSplatConfig.asset
  artifactKey: Guid(8a5066b13be8ec84c916a52584685744) Importer(815301076,1909f56bfc062723c751e8b465ee728b)
Start importing Assets/Gaia User Data/Sessions/GS-20220522 - 154221/Terrain Data/MicroSplatData/MicroSplatConfig.asset using Guid(8a5066b13be8ec84c916a52584685744) Importer(815301076,1909f56bfc062723c751e8b465ee728b)  -> (artifact id: '475fbc44a45959022a44c24a57a95aa8') in 2.165919 seconds 
========================================================================
Received Import Request.
  Time since last request: 163.405217 seconds.
  path: Assets/Gaia User Data/Sessions/GS-20220522 - 154221/Terrain Data/MicroSplatData/MicroSplat.mat
  artifactKey: Guid(732b515b969517f4d8f2ecdd2863d0c0) Importer(815301076,1909f56bfc062723c751e8b465ee728b)
Start importing Assets/Gaia User Data/Sessions/GS-20220522 - 154221/Terrain Data/MicroSplatData/MicroSplat.mat using Guid(732b515b969517f4d8f2ecdd2863d0c0) Importer(815301076,1909f56bfc062723c751e8b465ee728b)  -> (artifact id: 'c6f79551de3befa94733e751c8ada5e3') in 1.926857 seconds 
========================================================================
Received Import Request.
  Time since last request: 76.201976 seconds.
  path: Assets/GrassFlowers/Textures
  artifactKey: Guid(46c1725cb7280074493bd8d9d2ab7468) Importer(815301076,1909f56bfc062723c751e8b465ee728b)
Start importing Assets/GrassFlowers/Textures using Guid(46c1725cb7280074493bd8d9d2ab7468) Importer(815301076,1909f56bfc062723c751e8b465ee728b)  -> (artifact id: 'e6733954288ac0aba7e0b670a53b3688') in 0.008443 seconds 
========================================================================
Received Import Request.
  Time since last request: 1.405209 seconds.
  path: Assets/GrassFlowers/Textures/GrassFlowers
  artifactKey: Guid(6c0cbfdcc9b9ae64f9ddd77c2003e193) Importer(815301076,1909f56bfc062723c751e8b465ee728b)
Start importing Assets/GrassFlowers/Textures/GrassFlowers using Guid(6c0cbfdcc9b9ae64f9ddd77c2003e193) Importer(815301076,1909f56bfc062723c751e8b465ee728b)  -> (artifact id: 'adf78e62ea3b6a419fe1da6b215c7ed4') in 0.003584 seconds 
========================================================================
Received Import Request.
  Time since last request: 0.044369 seconds.
  path: Assets/GrassFlowers/Textures/GrassFlowers/grass01.tga
  artifactKey: Guid(91a1945982e98be4d9fe3e3d12fdebd8) Importer(815301076,1909f56bfc062723c751e8b465ee728b)
Start importing Assets/GrassFlowers/Textures/GrassFlowers/grass01.tga using Guid(91a1945982e98be4d9fe3e3d12fdebd8) Importer(815301076,1909f56bfc062723c751e8b465ee728b)  -> (artifact id: '56f21b7fad979c717bbc09fa76cb128f') in 0.038257 seconds 
========================================================================
Received Import Request.
  Time since last request: 34.941964 seconds.
  path: Assets/GrassFlowers/Textures/Ground
  artifactKey: Guid(1778770213e6d284eafc7eaa31ef8f4c) Importer(815301076,1909f56bfc062723c751e8b465ee728b)
Start importing Assets/GrassFlowers/Textures/Ground using Guid(1778770213e6d284eafc7eaa31ef8f4c) Importer(815301076,1909f56bfc062723c751e8b465ee728b)  -> (artifact id: '339c0a053dfc341d2fd701c39a2a8ef2') in 0.009005 seconds 
========================================================================
Received Import Request.
  Time since last request: 0.029805 seconds.
  path: Assets/GrassFlowers/Textures/Ground/Grass01_BigUV.png
  artifactKey: Guid(38bb15d6b378aff46b461e248592d1da) Importer(815301076,1909f56bfc062723c751e8b465ee728b)
Start importing Assets/GrassFlowers/Textures/Ground/Grass01_BigUV.png using Guid(38bb15d6b378aff46b461e248592d1da) Importer(815301076,1909f56bfc062723c751e8b465ee728b)  -> (artifact id: 'd9004900792b216bad8ff684dc72dec3') in 0.033486 seconds 
